<?xml version="1.0" encoding="UTF-8"?>
<testng-results ignored="0" total="1" passed="1" failed="0" skipped="0">
  <reporter-output>
  </reporter-output>
  <suite started-at="2024-04-16T17:15:00 IST" name="Default suite" finished-at="2024-04-16T17:15:02 IST" duration-ms="1618">
    <groups>
    </groups>
    <test started-at="2024-04-16T17:15:00 IST" name="Default test" finished-at="2024-04-16T17:15:02 IST" duration-ms="1618">
      <class name="ResponseBodyValidation.ConfigBody">
        <test-method signature="loopcheck()[pri:0, instance:ResponseBodyValidation.ConfigBody@126253fd]" started-at="2024-04-16T17:15:00 IST" name="loopcheck" finished-at="2024-04-16T17:15:02 IST" duration-ms="1579" status="PASS">
          <reporter-output>
          </reporter-output>
        </test-method> <!-- loopcheck -->
      </class> <!-- ResponseBodyValidation.ConfigBody -->
    </test> <!-- Default test -->
  </suite> <!-- Default suite -->
</testng-results>
